<?xml version="1.0" encoding="UTF-8"?>
<beans xmlns="http://www.springframework.org/schema/beans"
       xmlns:xsi="http://www.w3.org/2001/XMLSchema-instance"
       xmlns:context="http://www.springframework.org/schema/context"
       xsi:schemaLocation= "http://www.springframework.org/schema/beans
                            http://www.springframework.org/schema/beans/spring-beans.xsd
                            http://www.springframework.org/schema/context
                            http://www.springframework.org/schema/context/spring-context.xsd">

    <!--Manually create dependencies-->
    <!--<bean id="memory" class="ru.pravvich.dao.Memory"/>-->
    <!--<bean id="storage" class="ru.pravvich.base.StorageImpl">-->
    <!--<constructor-arg name="memory" ref="memory"/>-->
    <!--</bean>-->

    <!--Scan all base package-->
    <bean id="daoJdbc" class="ru.pravvich.dao.DAOMemory" />
    <context:component-scan base-package="ru.pravvich" />

</beans>